# JRE version: OpenJDK Runtime Environment (14.0.2+12) (build 14.0.2+12-46)
# Java VM: OpenJDK 64-Bit Server VM (14.0.2+12-46, mixed mode, tiered, compressed oops, g1 gc, windows-amd64)
Heap:
 garbage-first heap   total 86016K, used 30804K [0x0000000081c00000, 0x0000000100000000)
  region size 1024K, 5 young (5120K), 4 survivors (4096K)
 Metaspace       used 57465K, capacity 59255K, committed 59548K, reserved 1101824K
  class space    used 7373K, capacity 8044K, committed 8172K, reserved 1048576K
GC Heap History (20 events):
Event: 3.803 GC heap before
{Heap before GC invocations=13 (full 0):
 garbage-first heap   total 59392K, used 51018K [0x0000000081c00000, 0x0000000100000000)
  region size 1024K, 34 young (34816K), 4 survivors (4096K)
 Metaspace       used 34675K, capacity 35704K, committed 35888K, reserved 1081344K
  class space    used 4276K, capacity 4663K, committed 4736K, reserved 1048576K
}
Event: 3.814 GC heap after
{Heap after GC invocations=14 (full 0):
 garbage-first heap   total 59392K, used 16687K [0x0000000081c00000, 0x0000000100000000)
  region size 1024K, 3 young (3072K), 3 survivors (3072K)
 Metaspace       used 34675K, capacity 35704K, committed 35888K, reserved 1081344K
  class space    used 4276K, capacity 4663K, committed 4736K, reserved 1048576K
}
Event: 3.817 GC heap before
{Heap before GC invocations=14 (full 0):
 garbage-first heap   total 59392K, used 16687K [0x0000000081c00000, 0x0000000100000000)
  region size 1024K, 4 young (4096K), 3 survivors (3072K)
 Metaspace       used 34709K, capacity 35806K, committed 35888K, reserved 1081344K
  class space    used 4281K, capacity 4697K, committed 4736K, reserved 1048576K
}
Event: 3.824 GC heap after
{Heap after GC invocations=15 (full 0):
 garbage-first heap   total 83968K, used 16573K [0x0000000081c00000, 0x0000000100000000)
  region size 1024K, 3 young (3072K), 3 survivors (3072K)
 Metaspace       used 34709K, capacity 35806K, committed 35888K, reserved 1081344K
  class space    used 4281K, capacity 4697K, committed 4736K, reserved 1048576K
}
Event: 4.167 GC heap before
{Heap before GC invocations=16 (full 0):
 garbage-first heap   total 68608K, used 54461K [0x0000000081c00000, 0x0000000100000000)
  region size 1024K, 40 young (40960K), 3 survivors (3072K)
 Metaspace       used 36319K, capacity 37513K, committed 37788K, reserved 1081344K
  class space    used 4544K, capacity 4985K, committed 5100K, reserved 1048576K
}
Event: 4.174 GC heap after
{Heap after GC invocations=17 (full 0):
 garbage-first heap   total 68608K, used 17795K [0x0000000081c00000, 0x0000000100000000)
  region size 1024K, 4 young (4096K), 4 survivors (4096K)
 Metaspace       used 36319K, capacity 37513K, committed 37788K, reserved 1081344K
  class space    used 4544K, capacity 4985K, committed 5100K, reserved 1048576K
}
Event: 4.512 GC heap before
{Heap before GC invocations=17 (full 0):
 garbage-first heap   total 68608K, used 54659K [0x0000000081c00000, 0x0000000100000000)
  region size 1024K, 40 young (40960K), 4 survivors (4096K)
 Metaspace       used 39820K, capacity 41023K, committed 41244K, reserved 1085440K
  class space    used 4995K, capacity 5472K, committed 5484K, reserved 1048576K
}
Event: 4.521 GC heap after
{Heap after GC invocations=18 (full 0):
 garbage-first heap   total 68608K, used 19802K [0x0000000081c00000, 0x0000000100000000)
  region size 1024K, 4 young (4096K), 4 survivors (4096K)
 Metaspace       used 39820K, capacity 41023K, committed 41244K, reserved 1085440K
  class space    used 4995K, capacity 5472K, committed 5484K, reserved 1048576K
}
Event: 4.790 GC heap before
{Heap before GC invocations=18 (full 0):
 garbage-first heap   total 68608K, used 55642K [0x0000000081c00000, 0x0000000100000000)
  region size 1024K, 39 young (39936K), 4 survivors (4096K)
 Metaspace       used 41312K, capacity 42554K, committed 42780K, reserved 1087488K
  class space    used 5227K, capacity 5718K, committed 5740K, reserved 1048576K
}
Event: 4.794 GC heap after
{Heap after GC invocations=19 (full 0):
 garbage-first heap   total 68608K, used 20783K [0x0000000081c00000, 0x0000000100000000)
  region size 1024K, 3 young (3072K), 3 survivors (3072K)
 Metaspace       used 41312K, capacity 42554K, committed 42780K, reserved 1087488K
  class space    used 5227K, capacity 5718K, committed 5740K, reserved 1048576K
}
Event: 5.253 GC heap before
{Heap before GC invocations=19 (full 0):
 garbage-first heap   total 68608K, used 55599K [0x0000000081c00000, 0x0000000100000000)
  region size 1024K, 37 young (37888K), 3 survivors (3072K)
 Metaspace       used 43732K, capacity 45151K, committed 45340K, reserved 1089536K
  class space    used 5575K, capacity 6141K, committed 6252K, reserved 1048576K
}
Event: 5.258 GC heap after
{Heap after GC invocations=20 (full 0):
 garbage-first heap   total 86016K, used 22843K [0x0000000081c00000, 0x0000000100000000)
  region size 1024K, 3 young (3072K), 3 survivors (3072K)
 Metaspace       used 43732K, capacity 45151K, committed 45340K, reserved 1089536K
  class space    used 5575K, capacity 6141K, committed 6252K, reserved 1048576K
}
Event: 5.754 GC heap before
{Heap before GC invocations=20 (full 0):
 garbage-first heap   total 86016K, used 68923K [0x0000000081c00000, 0x0000000100000000)
  region size 1024K, 48 young (49152K), 3 survivors (3072K)
 Metaspace       used 48775K, capacity 50326K, committed 50588K, reserved 1093632K
  class space    used 6230K, capacity 6776K, committed 6892K, reserved 1048576K
}
Event: 5.759 GC heap after
{Heap after GC invocations=21 (full 0):
 garbage-first heap   total 86016K, used 25609K [0x0000000081c00000, 0x0000000100000000)
  region size 1024K, 6 young (6144K), 6 survivors (6144K)
 Metaspace       used 48775K, capacity 50326K, committed 50588K, reserved 1093632K
  class space    used 6230K, capacity 6776K, committed 6892K, reserved 1048576K
}
Event: 5.957 GC heap before
{Heap before GC invocations=21 (full 0):
 garbage-first heap   total 86016K, used 67593K [0x0000000081c00000, 0x0000000100000000)
  region size 1024K, 47 young (48128K), 6 survivors (6144K)
 Metaspace       used 50261K, capacity 51855K, committed 51996K, reserved 1093632K
  class space    used 6421K, capacity 7005K, committed 7020K, reserved 1048576K
}
Event: 5.964 GC heap after
{Heap after GC invocations=22 (full 0):
 garbage-first heap   total 86016K, used 27892K [0x0000000081c00000, 0x0000000100000000)
  region size 1024K, 6 young (6144K), 6 survivors (6144K)
 Metaspace       used 50261K, capacity 51855K, committed 51996K, reserved 1093632K
  class space    used 6421K, capacity 7005K, committed 7020K, reserved 1048576K
}
Event: 41.089 GC heap before
{Heap before GC invocations=22 (full 0):
 garbage-first heap   total 86016K, used 66804K [0x0000000081c00000, 0x0000000100000000)
  region size 1024K, 45 young (46080K), 6 survivors (6144K)
 Metaspace       used 53743K, capacity 55457K, committed 55708K, reserved 1097728K
  class space    used 6866K, capacity 7534K, committed 7660K, reserved 1048576K
}
Event: 41.094 GC heap after
{Heap after GC invocations=23 (full 0):
 garbage-first heap   total 86016K, used 28977K [0x0000000081c00000, 0x0000000100000000)
  region size 1024K, 4 young (4096K), 4 survivors (4096K)
 Metaspace       used 53743K, capacity 55457K, committed 55708K, reserved 1097728K
  class space    used 6866K, capacity 7534K, committed 7660K, reserved 1048576K
}
Event: 87.816 GC heap before
{Heap before GC invocations=23 (full 0):
 garbage-first heap   total 86016K, used 67889K [0x0000000081c00000, 0x0000000100000000)
  region size 1024K, 43 young (44032K), 4 survivors (4096K)
 Metaspace       used 57465K, capacity 59255K, committed 59548K, reserved 1101824K
  class space    used 7373K, capacity 8044K, committed 8172K, reserved 1048576K
}
Event: 87.821 GC heap after
{Heap after GC invocations=24 (full 0):
 garbage-first heap   total 86016K, used 30804K [0x0000000081c00000, 0x0000000100000000)
  region size 1024K, 4 young (4096K), 4 survivors (4096K)
 Metaspace       used 57465K, capacity 59255K, committed 59548K, reserved 1101824K
  class space    used 7373K, capacity 8044K, committed 8172K, reserved 1048576K
}

